2026-06-30 17:20
Scope: mobile
Type: feature
Summary: Initialize the buildable SwiftUI companion application and unit-test target.
Files changed:
- mobile/AeroNavCompanion.xcodeproj/
- mobile/AeroNavCompanion/
- mobile/AeroNavCompanionTests/
- mobile/docs/
Validation:
- xcodebuild -list -project AeroNavCompanion.xcodeproj: PASS — app and test targets plus shared scheme discovered.
- xcodebuild test -project AeroNavCompanion.xcodeproj -scheme AeroNavCompanion -destination 'platform=iOS Simulator,name=iPhone 17 Pro,OS=26.0.1': PASS — one unit test passed.
Notes:
- The shell uses a generated sample model and does not implement import, validation, history, or diagnostics.

2026-06-30 17:45
Scope: mobile
Type: feature
Summary: Complete Phase 1 representative package list, status, metadata, and category details.
Files changed:
- mobile/AeroNavCompanion.xcodeproj/
- mobile/AeroNavCompanion/
- mobile/AeroNavCompanionTests/
- mobile/docs/
Validation:
- xcodebuild -list -project AeroNavCompanion.xcodeproj: PASS — app, test target, and shared scheme discovered.
- xcodebuild test -project AeroNavCompanion.xcodeproj -scheme AeroNavCompanion -destination 'platform=iOS Simulator,name=iPhone 17 Pro,OS=26.0.1': PASS — five unit tests passed.
Notes:
- Statuses are static display samples; document import, manifest decoding, validation, persistence, and diagnostics remain deferred.

2026-06-30 17:58
Scope: mobile
Type: feature
Summary: Add Phase 2 document-based manifest import and validation.
Files changed:
- mobile/AeroNavCompanion/
- mobile/AeroNavCompanionTests/
- mobile/docs/
Validation:
- xcodebuild -list -project AeroNavCompanion.xcodeproj: PASS — project discovered.
- xcodebuild test -project AeroNavCompanion.xcodeproj -scheme AeroNavCompanion -destination 'platform=iOS Simulator,name=iPhone 17 Pro,OS=26.0.1': PASS — tests passed.
Notes:
- Imported packages remain in memory; persistence begins in Phase 3.

2026-06-30 18:15
Scope: mobile
Type: feature
Summary: Add Phase 3 atomic offline validation history.
Files changed:
- mobile/AeroNavCompanion/
- mobile/AeroNavCompanionTests/
Validation:
- xcodebuild test: PASS — history and existing tests passed.
Notes:
- Diagnostics remain deferred to Phase 4.

2026-06-30 18:23
Scope: mobile
Type: feature
Summary: Add Phase 4 diagnostics import and severity review.
Files changed:
- mobile/AeroNavCompanion/
Validation:
- xcodebuild test: PASS — diagnostics review compiled and tests passed.
Notes:
- Reports remain transient; QR bridge remains Phase 5.

2026-06-30 22:06
Scope: mobile
Type: feature
Summary: Add Phase 5 optional compact text and QR diagnostics bridge.
Files changed:
- mobile/AeroNavCompanion/
- mobile/AeroNavCompanionTests/
Validation:
- xcodebuild -list: PASS — project and scheme discovered.
- xcodebuild test: PASS — simulator tests passed.
Notes:
- Camera scanning is optional and hidden when VisionKit reports it unavailable.
