2026-06-30 17:20
Scope: desktop
Type: feature
Summary: Initialize the buildable Electron, React, and TypeScript desktop application shell.
Files changed:
- desktop/package.json
- desktop/package-lock.json
- desktop/src/
- desktop/tests/
- desktop/docs/
Validation:
- npm install: PASS — dependencies installed and lockfile generated.
- npm run typecheck: PASS — main, preload, renderer, shared, and test TypeScript passed.
- npm run lint: PASS — ESLint reported no issues.
- npm run test: PASS — one scaffold test passed.
- npm run build: PASS — Electron Vite built main, preload, and renderer bundles.
- npm audit --omit=dev: PASS — zero production dependency vulnerabilities reported.
Notes:
- The shell is non-operational and does not implement package import, validation, export, or diagnostics.

2026-06-30 17:45
Scope: desktop
Type: feature
Summary: Complete Phase 1 package-folder import, manifest validation, checksum review, and reporting.
Files changed:
- desktop/src/
- desktop/tests/
- desktop/docs/
- sample-packages/
Validation:
- npm install: PASS — dependencies are current and no lockfile changes were required.
- npm run typecheck: PASS — main, preload, renderer, shared services, and tests passed.
- npm run lint: PASS — ESLint reported no issues.
- npm run test: PASS — 17 tests passed across four files.
- npm run build: PASS — Electron Vite built main, preload, and renderer bundles.
- npm audit --omit=dev: PASS — zero production dependency vulnerabilities reported.
- fixture JSON, checksum, and labeling checks: PASS — all Phase 1 fixtures passed integrity checks.
Notes:
- Device compatibility, signatures, archive import, export, diagnostics, and history remain deferred.
